\BOOKMARK [1][-]{section*.1}{September 16, 2022}{}% 1
\BOOKMARK [1][-]{section*.2}{September 19, 2022}{}% 2
\BOOKMARK [1][-]{section*.3}{September 22, 2022}{}% 3
\BOOKMARK [1][-]{section.1}{1. September 23,2022}{}% 4
\BOOKMARK [2][-]{section*.4}{Examples}{section.1}% 5
\BOOKMARK [2][-]{section*.5}{Properties of derivatives}{section.1}% 6
\BOOKMARK [1][-]{section*.6}{September 26, 2022}{}% 7
\BOOKMARK [2][-]{section*.7}{Exponentials}{section*.6}% 8
\BOOKMARK [1][-]{section.2}{2. September 28, 2022}{}% 9
\BOOKMARK [1][-]{section*.8}{September 30, 2022}{}% 10
\BOOKMARK [1][-]{section*.9}{October 3, 2022}{}% 11
\BOOKMARK [2][-]{section*.10}{Chain rule}{section*.9}% 12
\BOOKMARK [1][-]{section*.11}{October 5, 2022}{}% 13
\BOOKMARK [1][-]{section*.12}{October 7, 2022}{}% 14
\BOOKMARK [1][-]{section*.13}{October 11, 2022}{}% 15
\BOOKMARK [1][-]{section*.14}{Practice for midterm 1}{}% 16
\BOOKMARK [1][-]{section*.15}{October 24, 2022}{}% 17
\BOOKMARK [1][-]{section*.16}{October 28, 2022}{}% 18
\BOOKMARK [1][-]{section*.17}{October 31, 2022}{}% 19
\BOOKMARK [1][-]{section*.18}{November 2, 2022}{}% 20
\BOOKMARK [1][-]{section*.19}{November 4, 2022}{}% 21
\BOOKMARK [1][-]{section*.20}{November 7, 2022}{}% 22
\BOOKMARK [1][-]{section*.21}{November 9, 2022}{}% 23
\BOOKMARK [1][-]{section*.22}{November 11, 2022}{}% 24
\BOOKMARK [1][-]{section*.23}{November 14, 2022}{}% 25
\BOOKMARK [1][-]{section*.24}{Practice for midterm 2}{}% 26
\BOOKMARK [1][-]{section*.25}{November 16, 2022}{}% 27
\BOOKMARK [1][-]{section*.26}{November 18, 2022}{}% 28
\BOOKMARK [1][-]{section*.27}{November 21, 2022}{}% 29
\BOOKMARK [1][-]{section*.28}{November 28, 2022}{}% 30
\BOOKMARK [1][-]{section*.29}{November 30, 2022}{}% 31
\BOOKMARK [1][-]{section*.30}{December 4, 2022}{}% 32
